# Logfile created on 2023-05-04 03:43:03 +0000 by logger.rb/v1.4.3
[2023-05-04T03:43:03+00:00] INFO: Started Cinc Zero at chefzero://localhost:1 with repository at /opt/gitlab/embedded (One version per cookbook)
[2023-05-04T03:43:03+00:00] INFO: *** Cinc Client 17.10.0 ***
[2023-05-04T03:43:03+00:00] INFO: Platform: x86_64-linux
[2023-05-04T03:43:03+00:00] INFO: Cinc-client pid: 28
[2023-05-04T03:43:03+00:00] INFO: Setting the run_list to ["recipe[gitlab-ee]"] from CLI options
[2023-05-04T03:43:03+00:00] INFO: Run List is [recipe[gitlab-ee]]
[2023-05-04T03:43:03+00:00] INFO: Run List expands to [gitlab-ee]
[2023-05-04T03:43:03+00:00] INFO: Starting Cinc Client Run for gitlab.example.com
[2023-05-04T03:43:03+00:00] INFO: Running start handlers
[2023-05-04T03:43:03+00:00] INFO: Start handlers complete.
[2023-05-04T03:43:04+00:00] INFO: Loading cookbooks [gitlab-ee@0.0.1, package@0.1.0, gitlab@0.0.1, consul@0.1.0, patroni@0.1.0, pgbouncer@0.1.0, spamcheck@0.1.0, runit@5.1.7, logrotate@0.1.0, postgresql@0.1.0, redis@0.1.0, monitoring@0.1.0, registry@0.1.0, mattermost@0.1.0, gitaly@0.1.0, praefect@0.1.0, gitlab-kas@0.1.0, gitlab-pages@0.1.0, letsencrypt@0.1.0, nginx@0.1.0, acme@4.1.6, crond@0.1.0]
[2023-05-04T03:43:05+00:00] INFO: Skipped selecting an init system because it was explicitly disabled
[2023-05-04T03:43:06+00:00] WARN: logrotate does not have a log_group or default logdir mode defined. Setting to 0700.
[2023-05-04T03:43:06+00:00] WARN: logrotate does not have a log_group or default logdir mode defined. Setting to 0700.
[2023-05-04T03:43:06+00:00] WARN: puma does not have a log_group or default logdir mode defined. Setting to 0700.
[2023-05-04T03:43:06+00:00] WARN: gitlab-rails does not have a log_group or default logdir mode defined. Setting to 0700.
[2023-05-04T03:43:06+00:00] WARN: gitlab-shell does not have a log_group or default logdir mode defined. Setting to 0700.
[2023-05-04T03:43:06+00:00] WARN: gitlab-workhorse does not have a log_group or default logdir mode defined. Setting to 0700.
[2023-05-04T03:43:06+00:00] WARN: gitlab-pages does not have a log_group or default logdir mode defined. Setting to 0700.
[2023-05-04T03:43:06+00:00] WARN: gitlab-kas does not have a log_group or default logdir mode defined. Setting to 0700.
[2023-05-04T03:43:06+00:00] WARN: gitaly does not have a log_group or default logdir mode defined. Setting to 0700.
[2023-05-04T03:43:06+00:00] WARN: mailroom does not have a log_group or default logdir mode defined. Setting to 0700.
[2023-05-04T03:43:06+00:00] WARN: gitaly does not have a log_group or default logdir mode defined. Setting to 0700.
[2023-05-04T03:43:07+00:00] INFO: template[/opt/gitlab/etc/gitlab-rails-rc] backed up to /opt/gitlab/embedded/cookbooks/cache/backup/opt/gitlab/etc/gitlab-rails-rc.chef-20230504034307.410156
[2023-05-04T03:43:07+00:00] INFO: template[/opt/gitlab/etc/gitlab-rails-rc] updated file contents /opt/gitlab/etc/gitlab-rails-rc
[2023-05-04T03:43:07+00:00] INFO: template[/var/opt/gitlab/gitlab-rails/etc/gitlab.yml] backed up to /opt/gitlab/embedded/cookbooks/cache/backup/var/opt/gitlab/gitlab-rails/etc/gitlab.yml.chef-20230504034307.592923
[2023-05-04T03:43:07+00:00] INFO: template[/var/opt/gitlab/gitlab-rails/etc/gitlab.yml] updated file contents /var/opt/gitlab/gitlab-rails/etc/gitlab.yml
[2023-05-04T03:43:07+00:00] WARN: only_if block for templatesymlink[Create a gitlab_pages_secret and create a symlink to Rails root] returned a string, did you mean to run a command?
[2023-05-04T03:43:07+00:00] WARN: only_if block for templatesymlink[Create a gitlab_kas_secret and create a symlink to Rails root] returned a string, did you mean to run a command?
[2023-05-04T03:43:08+00:00] INFO: link[/opt/gitlab/service/logrotate] created
[2023-05-04T03:43:08+00:00] INFO: link[/opt/gitlab/service/redis] created
[2023-05-04T03:43:08+00:00] INFO: link[/opt/gitlab/service/gitaly] created
[2023-05-04T03:43:09+00:00] INFO: link[/opt/gitlab/service/postgresql] created
[2023-05-04T03:43:09+00:00] INFO: file[/opt/gitlab/service/postgresql/supervise/status] owner changed to 996
[2023-05-04T03:43:09+00:00] INFO: file[/opt/gitlab/service/postgresql/supervise/status] group changed to 996
[2023-05-04T03:43:09+00:00] INFO: file[/opt/gitlab/service/postgresql/supervise/status] updated atime and mtime to 2023-05-04 03:43:09 +0000
[2023-05-04T03:43:09+00:00] INFO: file[/opt/gitlab/service/postgresql/log/supervise/status] owner changed to 996
[2023-05-04T03:43:09+00:00] INFO: file[/opt/gitlab/service/postgresql/log/supervise/status] group changed to 996
[2023-05-04T03:43:09+00:00] INFO: file[/opt/gitlab/service/postgresql/log/supervise/status] updated atime and mtime to 2023-05-04 03:43:09 +0000
[2023-05-04T03:43:09+00:00] INFO: link[/opt/gitlab/service/gitlab-kas] created
[2023-05-04T03:43:09+00:00] INFO: link[/opt/gitlab/service/puma] created
[2023-05-04T03:43:09+00:00] INFO: link[/opt/gitlab/service/sidekiq] created
[2023-05-04T03:43:09+00:00] INFO: link[/opt/gitlab/service/gitlab-workhorse] created
[2023-05-04T03:43:09+00:00] INFO: template[/var/opt/gitlab/nginx/conf/gitlab-http.conf] backed up to /opt/gitlab/embedded/cookbooks/cache/backup/var/opt/gitlab/nginx/conf/gitlab-http.conf.chef-20230504034309.834221
[2023-05-04T03:43:09+00:00] INFO: template[/var/opt/gitlab/nginx/conf/gitlab-http.conf] updated file contents /var/opt/gitlab/nginx/conf/gitlab-http.conf
[2023-05-04T03:43:09+00:00] INFO: template[/var/opt/gitlab/nginx/conf/gitlab-registry.conf] backed up to /opt/gitlab/embedded/cookbooks/cache/backup/var/opt/gitlab/nginx/conf/gitlab-registry.conf.chef-20230504034309.875512
[2023-05-04T03:43:09+00:00] INFO: template[/var/opt/gitlab/nginx/conf/gitlab-registry.conf] deleted file at /var/opt/gitlab/nginx/conf/gitlab-registry.conf
[2023-05-04T03:43:09+00:00] INFO: template[/var/opt/gitlab/nginx/conf/nginx.conf] backed up to /opt/gitlab/embedded/cookbooks/cache/backup/var/opt/gitlab/nginx/conf/nginx.conf.chef-20230504034309.927907
[2023-05-04T03:43:09+00:00] INFO: template[/var/opt/gitlab/nginx/conf/nginx.conf] updated file contents /var/opt/gitlab/nginx/conf/nginx.conf
[2023-05-04T03:43:09+00:00] INFO: link[/opt/gitlab/service/nginx] created
[2023-05-04T03:43:09+00:00] INFO: template[/opt/gitlab/etc/gitlab-healthcheck-rc] created file /opt/gitlab/etc/gitlab-healthcheck-rc
[2023-05-04T03:43:09+00:00] INFO: template[/opt/gitlab/etc/gitlab-healthcheck-rc] updated file contents /opt/gitlab/etc/gitlab-healthcheck-rc
[2023-05-04T03:43:09+00:00] INFO: template[/opt/gitlab/etc/gitlab-healthcheck-rc] owner changed to 0
[2023-05-04T03:43:09+00:00] INFO: template[/opt/gitlab/etc/gitlab-healthcheck-rc] group changed to 0
[2023-05-04T03:43:10+00:00] INFO: directory[/var/opt/gitlab/gitlab-exporter] created directory /var/opt/gitlab/gitlab-exporter
[2023-05-04T03:43:10+00:00] INFO: directory[/var/opt/gitlab/gitlab-exporter] owner changed to 998
[2023-05-04T03:43:10+00:00] INFO: directory[/var/opt/gitlab/gitlab-exporter] mode changed to 755
[2023-05-04T03:43:10+00:00] INFO: directory[/var/log/gitlab/gitlab-exporter] created directory /var/log/gitlab/gitlab-exporter
[2023-05-04T03:43:10+00:00] INFO: directory[/var/log/gitlab/gitlab-exporter] owner changed to 998
[2023-05-04T03:43:10+00:00] INFO: directory[/var/log/gitlab/gitlab-exporter] mode changed to 700
[2023-05-04T03:43:10+00:00] INFO: directory[/opt/gitlab/etc/gitlab-exporter/env] created directory /opt/gitlab/etc/gitlab-exporter/env
[2023-05-04T03:43:10+00:00] INFO: file[/opt/gitlab/etc/gitlab-exporter/env/MALLOC_CONF] created file /opt/gitlab/etc/gitlab-exporter/env/MALLOC_CONF
[2023-05-04T03:43:10+00:00] INFO: file[/opt/gitlab/etc/gitlab-exporter/env/MALLOC_CONF] updated file contents /opt/gitlab/etc/gitlab-exporter/env/MALLOC_CONF
[2023-05-04T03:43:10+00:00] INFO: file[/opt/gitlab/etc/gitlab-exporter/env/RUBY_GC_HEAP_INIT_SLOTS] created file /opt/gitlab/etc/gitlab-exporter/env/RUBY_GC_HEAP_INIT_SLOTS
[2023-05-04T03:43:10+00:00] INFO: file[/opt/gitlab/etc/gitlab-exporter/env/RUBY_GC_HEAP_INIT_SLOTS] updated file contents /opt/gitlab/etc/gitlab-exporter/env/RUBY_GC_HEAP_INIT_SLOTS
[2023-05-04T03:43:10+00:00] INFO: file[/opt/gitlab/etc/gitlab-exporter/env/RUBY_GC_HEAP_FREE_SLOTS_MIN_RATIO] created file /opt/gitlab/etc/gitlab-exporter/env/RUBY_GC_HEAP_FREE_SLOTS_MIN_RATIO
[2023-05-04T03:43:10+00:00] INFO: file[/opt/gitlab/etc/gitlab-exporter/env/RUBY_GC_HEAP_FREE_SLOTS_MIN_RATIO] updated file contents /opt/gitlab/etc/gitlab-exporter/env/RUBY_GC_HEAP_FREE_SLOTS_MIN_RATIO
[2023-05-04T03:43:10+00:00] INFO: file[/opt/gitlab/etc/gitlab-exporter/env/RUBY_GC_HEAP_FREE_SLOTS_MAX_RATIO] created file /opt/gitlab/etc/gitlab-exporter/env/RUBY_GC_HEAP_FREE_SLOTS_MAX_RATIO
[2023-05-04T03:43:10+00:00] INFO: file[/opt/gitlab/etc/gitlab-exporter/env/RUBY_GC_HEAP_FREE_SLOTS_MAX_RATIO] updated file contents /opt/gitlab/etc/gitlab-exporter/env/RUBY_GC_HEAP_FREE_SLOTS_MAX_RATIO
[2023-05-04T03:43:10+00:00] INFO: file[/opt/gitlab/etc/gitlab-exporter/env/SSL_CERT_DIR] created file /opt/gitlab/etc/gitlab-exporter/env/SSL_CERT_DIR
[2023-05-04T03:43:10+00:00] INFO: file[/opt/gitlab/etc/gitlab-exporter/env/SSL_CERT_DIR] updated file contents /opt/gitlab/etc/gitlab-exporter/env/SSL_CERT_DIR
[2023-05-04T03:43:10+00:00] INFO: file[/opt/gitlab/etc/gitlab-exporter/env/SSL_CERT_FILE] created file /opt/gitlab/etc/gitlab-exporter/env/SSL_CERT_FILE
[2023-05-04T03:43:10+00:00] INFO: file[/opt/gitlab/etc/gitlab-exporter/env/SSL_CERT_FILE] updated file contents /opt/gitlab/etc/gitlab-exporter/env/SSL_CERT_FILE
[2023-05-04T03:43:10+00:00] INFO: template[/var/opt/gitlab/gitlab-exporter/gitlab-exporter.yml] created file /var/opt/gitlab/gitlab-exporter/gitlab-exporter.yml
[2023-05-04T03:43:10+00:00] INFO: template[/var/opt/gitlab/gitlab-exporter/gitlab-exporter.yml] updated file contents /var/opt/gitlab/gitlab-exporter/gitlab-exporter.yml
[2023-05-04T03:43:10+00:00] INFO: template[/var/opt/gitlab/gitlab-exporter/gitlab-exporter.yml] owner changed to 998
[2023-05-04T03:43:10+00:00] INFO: template[/var/opt/gitlab/gitlab-exporter/gitlab-exporter.yml] mode changed to 600
[2023-05-04T03:43:10+00:00] INFO: template[/var/opt/gitlab/gitlab-exporter/gitlab-exporter.yml] not queuing delayed action restart on runit_service[gitlab-exporter] (delayed), as it's already been queued
[2023-05-04T03:43:10+00:00] INFO: file[/var/opt/gitlab/gitlab-exporter/RUBY_VERSION] created file /var/opt/gitlab/gitlab-exporter/RUBY_VERSION
[2023-05-04T03:43:10+00:00] INFO: file[/var/opt/gitlab/gitlab-exporter/RUBY_VERSION] updated file contents /var/opt/gitlab/gitlab-exporter/RUBY_VERSION
[2023-05-04T03:43:10+00:00] INFO: version_file[Create version file for GitLab-Exporter] not queuing delayed action restart on runit_service[gitlab-exporter] (delayed), as it's already been queued
[2023-05-04T03:43:10+00:00] INFO: directory[/opt/gitlab/sv/gitlab-exporter] created directory /opt/gitlab/sv/gitlab-exporter
[2023-05-04T03:43:10+00:00] INFO: directory[/opt/gitlab/sv/gitlab-exporter] owner changed to 0
[2023-05-04T03:43:10+00:00] INFO: directory[/opt/gitlab/sv/gitlab-exporter] group changed to 0
[2023-05-04T03:43:10+00:00] INFO: directory[/opt/gitlab/sv/gitlab-exporter] mode changed to 755
[2023-05-04T03:43:10+00:00] INFO: template[/opt/gitlab/sv/gitlab-exporter/run] created file /opt/gitlab/sv/gitlab-exporter/run
[2023-05-04T03:43:10+00:00] INFO: template[/opt/gitlab/sv/gitlab-exporter/run] updated file contents /opt/gitlab/sv/gitlab-exporter/run
[2023-05-04T03:43:10+00:00] INFO: template[/opt/gitlab/sv/gitlab-exporter/run] owner changed to 0
[2023-05-04T03:43:10+00:00] INFO: template[/opt/gitlab/sv/gitlab-exporter/run] group changed to 0
[2023-05-04T03:43:10+00:00] INFO: template[/opt/gitlab/sv/gitlab-exporter/run] mode changed to 755
[2023-05-04T03:43:10+00:00] INFO: directory[/opt/gitlab/sv/gitlab-exporter/log] created directory /opt/gitlab/sv/gitlab-exporter/log
[2023-05-04T03:43:10+00:00] INFO: directory[/opt/gitlab/sv/gitlab-exporter/log] owner changed to 0
[2023-05-04T03:43:10+00:00] INFO: directory[/opt/gitlab/sv/gitlab-exporter/log] group changed to 0
[2023-05-04T03:43:10+00:00] INFO: directory[/opt/gitlab/sv/gitlab-exporter/log] mode changed to 755
[2023-05-04T03:43:10+00:00] INFO: directory[/opt/gitlab/sv/gitlab-exporter/log/main] created directory /opt/gitlab/sv/gitlab-exporter/log/main
[2023-05-04T03:43:10+00:00] INFO: directory[/opt/gitlab/sv/gitlab-exporter/log/main] owner changed to 0
[2023-05-04T03:43:10+00:00] INFO: directory[/opt/gitlab/sv/gitlab-exporter/log/main] group changed to 0
[2023-05-04T03:43:10+00:00] INFO: directory[/opt/gitlab/sv/gitlab-exporter/log/main] mode changed to 755
[2023-05-04T03:43:10+00:00] INFO: template[/opt/gitlab/sv/gitlab-exporter/log/config] created file /opt/gitlab/sv/gitlab-exporter/log/config
[2023-05-04T03:43:10+00:00] INFO: template[/opt/gitlab/sv/gitlab-exporter/log/config] updated file contents /opt/gitlab/sv/gitlab-exporter/log/config
[2023-05-04T03:43:10+00:00] INFO: template[/opt/gitlab/sv/gitlab-exporter/log/config] owner changed to 0
[2023-05-04T03:43:10+00:00] INFO: template[/opt/gitlab/sv/gitlab-exporter/log/config] group changed to 0
[2023-05-04T03:43:10+00:00] INFO: template[/opt/gitlab/sv/gitlab-exporter/log/config] mode changed to 644
[2023-05-04T03:43:10+00:00] INFO: template[/opt/gitlab/sv/gitlab-exporter/log/config] sending create action to ruby_block[verify_chown_persisted_on_gitlab-exporter] (immediate)
[2023-05-04T03:43:10+00:00] INFO: ruby_block[verify_chown_persisted_on_gitlab-exporter] called
[2023-05-04T03:43:10+00:00] INFO: link[/var/log/gitlab/gitlab-exporter/config] created
[2023-05-04T03:43:10+00:00] INFO: template[/opt/gitlab/sv/gitlab-exporter/log/run] created file /opt/gitlab/sv/gitlab-exporter/log/run
[2023-05-04T03:43:10+00:00] INFO: template[/opt/gitlab/sv/gitlab-exporter/log/run] updated file contents /opt/gitlab/sv/gitlab-exporter/log/run
[2023-05-04T03:43:10+00:00] INFO: template[/opt/gitlab/sv/gitlab-exporter/log/run] owner changed to 0
[2023-05-04T03:43:10+00:00] INFO: template[/opt/gitlab/sv/gitlab-exporter/log/run] group changed to 0
[2023-05-04T03:43:10+00:00] INFO: template[/opt/gitlab/sv/gitlab-exporter/log/run] mode changed to 755
[2023-05-04T03:43:10+00:00] INFO: directory[/opt/gitlab/sv/gitlab-exporter/env] created directory /opt/gitlab/sv/gitlab-exporter/env
[2023-05-04T03:43:10+00:00] INFO: directory[/opt/gitlab/sv/gitlab-exporter/env] owner changed to 0
[2023-05-04T03:43:10+00:00] INFO: directory[/opt/gitlab/sv/gitlab-exporter/env] group changed to 0
[2023-05-04T03:43:10+00:00] INFO: directory[/opt/gitlab/sv/gitlab-exporter/env] mode changed to 755
[2023-05-04T03:43:10+00:00] INFO: directory[/opt/gitlab/sv/gitlab-exporter/control] created directory /opt/gitlab/sv/gitlab-exporter/control
[2023-05-04T03:43:10+00:00] INFO: directory[/opt/gitlab/sv/gitlab-exporter/control] owner changed to 0
[2023-05-04T03:43:10+00:00] INFO: directory[/opt/gitlab/sv/gitlab-exporter/control] group changed to 0
[2023-05-04T03:43:10+00:00] INFO: directory[/opt/gitlab/sv/gitlab-exporter/control] mode changed to 755
[2023-05-04T03:43:10+00:00] INFO: link[/opt/gitlab/init/gitlab-exporter] created
[2023-05-04T03:43:10+00:00] INFO: template[/opt/gitlab/sv/gitlab-exporter/run] sending run action to ruby_block[restart_service] (delayed)
[2023-05-04T03:43:10+00:00] INFO: template[/opt/gitlab/sv/gitlab-exporter/log/config] sending create action to ruby_block[reload_log_service] (delayed)
[2023-05-04T03:43:10+00:00] INFO: link[/opt/gitlab/service/gitlab-exporter] created
[2023-05-04T03:43:13+00:00] INFO: ruby_block[wait for gitlab-exporter service socket] called
[2023-05-04T03:43:14+00:00] INFO: ruby_block[reload_log_service] called
[2023-05-04T03:43:14+00:00] INFO: template[/opt/gitlab/sv/gitlab-exporter/log/run] sending run action to ruby_block[restart_log_service] (delayed)
[2023-05-04T03:43:15+00:00] INFO: ruby_block[restart_log_service] called
[2023-05-04T03:43:15+00:00] INFO: directory[/var/log/gitlab/redis-exporter] created directory /var/log/gitlab/redis-exporter
[2023-05-04T03:43:15+00:00] INFO: directory[/var/log/gitlab/redis-exporter] owner changed to 997
[2023-05-04T03:43:15+00:00] INFO: directory[/var/log/gitlab/redis-exporter] mode changed to 700
[2023-05-04T03:43:15+00:00] INFO: directory[/opt/gitlab/etc/redis-exporter/env] created directory /opt/gitlab/etc/redis-exporter/env
[2023-05-04T03:43:15+00:00] INFO: directory[/opt/gitlab/etc/redis-exporter/env] owner changed to 997
[2023-05-04T03:43:15+00:00] INFO: directory[/opt/gitlab/etc/redis-exporter/env] mode changed to 700
[2023-05-04T03:43:15+00:00] INFO: file[/opt/gitlab/etc/redis-exporter/env/SSL_CERT_DIR] created file /opt/gitlab/etc/redis-exporter/env/SSL_CERT_DIR
[2023-05-04T03:43:15+00:00] INFO: file[/opt/gitlab/etc/redis-exporter/env/SSL_CERT_DIR] updated file contents /opt/gitlab/etc/redis-exporter/env/SSL_CERT_DIR
[2023-05-04T03:43:16+00:00] INFO: directory[/opt/gitlab/sv/redis-exporter] created directory /opt/gitlab/sv/redis-exporter
[2023-05-04T03:43:16+00:00] INFO: directory[/opt/gitlab/sv/redis-exporter] owner changed to 0
[2023-05-04T03:43:16+00:00] INFO: directory[/opt/gitlab/sv/redis-exporter] group changed to 0
[2023-05-04T03:43:16+00:00] INFO: directory[/opt/gitlab/sv/redis-exporter] mode changed to 755
[2023-05-04T03:43:16+00:00] INFO: template[/opt/gitlab/sv/redis-exporter/run] created file /opt/gitlab/sv/redis-exporter/run
[2023-05-04T03:43:16+00:00] INFO: template[/opt/gitlab/sv/redis-exporter/run] updated file contents /opt/gitlab/sv/redis-exporter/run
[2023-05-04T03:43:16+00:00] INFO: template[/opt/gitlab/sv/redis-exporter/run] owner changed to 0
[2023-05-04T03:43:16+00:00] INFO: template[/opt/gitlab/sv/redis-exporter/run] group changed to 0
[2023-05-04T03:43:16+00:00] INFO: template[/opt/gitlab/sv/redis-exporter/run] mode changed to 755
[2023-05-04T03:43:16+00:00] INFO: directory[/opt/gitlab/sv/redis-exporter/log] created directory /opt/gitlab/sv/redis-exporter/log
[2023-05-04T03:43:16+00:00] INFO: directory[/opt/gitlab/sv/redis-exporter/log] owner changed to 0
[2023-05-04T03:43:16+00:00] INFO: directory[/opt/gitlab/sv/redis-exporter/log] group changed to 0
[2023-05-04T03:43:16+00:00] INFO: directory[/opt/gitlab/sv/redis-exporter/log] mode changed to 755
[2023-05-04T03:43:16+00:00] INFO: directory[/opt/gitlab/sv/redis-exporter/log/main] created directory /opt/gitlab/sv/redis-exporter/log/main
[2023-05-04T03:43:16+00:00] INFO: directory[/opt/gitlab/sv/redis-exporter/log/main] owner changed to 0
[2023-05-04T03:43:16+00:00] INFO: directory[/opt/gitlab/sv/redis-exporter/log/main] group changed to 0
[2023-05-04T03:43:16+00:00] INFO: directory[/opt/gitlab/sv/redis-exporter/log/main] mode changed to 755
[2023-05-04T03:43:16+00:00] INFO: template[/opt/gitlab/sv/redis-exporter/log/config] created file /opt/gitlab/sv/redis-exporter/log/config
[2023-05-04T03:43:16+00:00] INFO: template[/opt/gitlab/sv/redis-exporter/log/config] updated file contents /opt/gitlab/sv/redis-exporter/log/config
[2023-05-04T03:43:16+00:00] INFO: template[/opt/gitlab/sv/redis-exporter/log/config] owner changed to 0
[2023-05-04T03:43:16+00:00] INFO: template[/opt/gitlab/sv/redis-exporter/log/config] group changed to 0
[2023-05-04T03:43:16+00:00] INFO: template[/opt/gitlab/sv/redis-exporter/log/config] mode changed to 644
[2023-05-04T03:43:16+00:00] INFO: template[/opt/gitlab/sv/redis-exporter/log/config] sending create action to ruby_block[verify_chown_persisted_on_redis-exporter] (immediate)
[2023-05-04T03:43:16+00:00] INFO: ruby_block[verify_chown_persisted_on_redis-exporter] called
[2023-05-04T03:43:16+00:00] INFO: link[/var/log/gitlab/redis-exporter/config] created
[2023-05-04T03:43:16+00:00] INFO: template[/opt/gitlab/sv/redis-exporter/log/run] created file /opt/gitlab/sv/redis-exporter/log/run
[2023-05-04T03:43:16+00:00] INFO: template[/opt/gitlab/sv/redis-exporter/log/run] updated file contents /opt/gitlab/sv/redis-exporter/log/run
[2023-05-04T03:43:16+00:00] INFO: template[/opt/gitlab/sv/redis-exporter/log/run] owner changed to 0
[2023-05-04T03:43:16+00:00] INFO: template[/opt/gitlab/sv/redis-exporter/log/run] group changed to 0
[2023-05-04T03:43:16+00:00] INFO: template[/opt/gitlab/sv/redis-exporter/log/run] mode changed to 755
[2023-05-04T03:43:16+00:00] INFO: directory[/opt/gitlab/sv/redis-exporter/env] created directory /opt/gitlab/sv/redis-exporter/env
[2023-05-04T03:43:16+00:00] INFO: directory[/opt/gitlab/sv/redis-exporter/env] owner changed to 0
[2023-05-04T03:43:16+00:00] INFO: directory[/opt/gitlab/sv/redis-exporter/env] group changed to 0
[2023-05-04T03:43:16+00:00] INFO: directory[/opt/gitlab/sv/redis-exporter/env] mode changed to 755
[2023-05-04T03:43:16+00:00] INFO: directory[/opt/gitlab/sv/redis-exporter/control] created directory /opt/gitlab/sv/redis-exporter/control
[2023-05-04T03:43:16+00:00] INFO: directory[/opt/gitlab/sv/redis-exporter/control] owner changed to 0
[2023-05-04T03:43:16+00:00] INFO: directory[/opt/gitlab/sv/redis-exporter/control] group changed to 0
[2023-05-04T03:43:16+00:00] INFO: directory[/opt/gitlab/sv/redis-exporter/control] mode changed to 755
[2023-05-04T03:43:16+00:00] INFO: link[/opt/gitlab/init/redis-exporter] created
[2023-05-04T03:43:16+00:00] INFO: template[/opt/gitlab/sv/redis-exporter/run] sending run action to ruby_block[restart_service] (delayed)
[2023-05-04T03:43:16+00:00] INFO: template[/opt/gitlab/sv/redis-exporter/log/config] sending create action to ruby_block[reload_log_service] (delayed)
[2023-05-04T03:43:16+00:00] INFO: link[/opt/gitlab/service/redis-exporter] created
[2023-05-04T03:43:19+00:00] INFO: ruby_block[wait for redis-exporter service socket] called
[2023-05-04T03:43:20+00:00] INFO: ruby_block[reload_log_service] called
[2023-05-04T03:43:20+00:00] INFO: template[/opt/gitlab/sv/redis-exporter/log/run] sending run action to ruby_block[restart_log_service] (delayed)
[2023-05-04T03:43:20+00:00] INFO: ruby_block[restart_log_service] called
[2023-05-04T03:43:20+00:00] INFO: directory[/var/opt/gitlab/prometheus] created directory /var/opt/gitlab/prometheus
[2023-05-04T03:43:20+00:00] INFO: directory[/var/opt/gitlab/prometheus] owner changed to 992
[2023-05-04T03:43:20+00:00] INFO: directory[/var/opt/gitlab/prometheus] mode changed to 750
[2023-05-04T03:43:20+00:00] INFO: directory[/var/opt/gitlab/prometheus/rules] created directory /var/opt/gitlab/prometheus/rules
[2023-05-04T03:43:20+00:00] INFO: directory[/var/opt/gitlab/prometheus/rules] owner changed to 992
[2023-05-04T03:43:20+00:00] INFO: directory[/var/opt/gitlab/prometheus/rules] mode changed to 750
[2023-05-04T03:43:20+00:00] INFO: directory[/var/log/gitlab/prometheus] created directory /var/log/gitlab/prometheus
[2023-05-04T03:43:20+00:00] INFO: directory[/var/log/gitlab/prometheus] owner changed to 992
[2023-05-04T03:43:20+00:00] INFO: directory[/var/log/gitlab/prometheus] mode changed to 700
[2023-05-04T03:43:20+00:00] INFO: directory[/opt/gitlab/etc/prometheus/env] created directory /opt/gitlab/etc/prometheus/env
[2023-05-04T03:43:20+00:00] INFO: directory[/opt/gitlab/etc/prometheus/env] owner changed to 992
[2023-05-04T03:43:20+00:00] INFO: directory[/opt/gitlab/etc/prometheus/env] mode changed to 700
[2023-05-04T03:43:20+00:00] INFO: file[/opt/gitlab/etc/prometheus/env/SSL_CERT_DIR] created file /opt/gitlab/etc/prometheus/env/SSL_CERT_DIR
[2023-05-04T03:43:20+00:00] INFO: file[/opt/gitlab/etc/prometheus/env/SSL_CERT_DIR] updated file contents /opt/gitlab/etc/prometheus/env/SSL_CERT_DIR
[2023-05-04T03:43:20+00:00] INFO: file[Prometheus config] created file /var/opt/gitlab/prometheus/prometheus.yml
[2023-05-04T03:43:20+00:00] INFO: file[Prometheus config] updated file contents /var/opt/gitlab/prometheus/prometheus.yml
[2023-05-04T03:43:20+00:00] INFO: file[Prometheus config] owner changed to 992
[2023-05-04T03:43:20+00:00] INFO: file[Prometheus config] mode changed to 644
[2023-05-04T03:43:20+00:00] INFO: directory[/opt/gitlab/sv/prometheus] created directory /opt/gitlab/sv/prometheus
[2023-05-04T03:43:20+00:00] INFO: directory[/opt/gitlab/sv/prometheus] owner changed to 0
[2023-05-04T03:43:20+00:00] INFO: directory[/opt/gitlab/sv/prometheus] group changed to 0
[2023-05-04T03:43:20+00:00] INFO: directory[/opt/gitlab/sv/prometheus] mode changed to 755
[2023-05-04T03:43:20+00:00] INFO: template[/opt/gitlab/sv/prometheus/run] created file /opt/gitlab/sv/prometheus/run
[2023-05-04T03:43:20+00:00] INFO: template[/opt/gitlab/sv/prometheus/run] updated file contents /opt/gitlab/sv/prometheus/run
[2023-05-04T03:43:20+00:00] INFO: template[/opt/gitlab/sv/prometheus/run] owner changed to 0
[2023-05-04T03:43:20+00:00] INFO: template[/opt/gitlab/sv/prometheus/run] group changed to 0
[2023-05-04T03:43:20+00:00] INFO: template[/opt/gitlab/sv/prometheus/run] mode changed to 755
[2023-05-04T03:43:20+00:00] INFO: directory[/opt/gitlab/sv/prometheus/log] created directory /opt/gitlab/sv/prometheus/log
[2023-05-04T03:43:20+00:00] INFO: directory[/opt/gitlab/sv/prometheus/log] owner changed to 0
[2023-05-04T03:43:20+00:00] INFO: directory[/opt/gitlab/sv/prometheus/log] group changed to 0
[2023-05-04T03:43:20+00:00] INFO: directory[/opt/gitlab/sv/prometheus/log] mode changed to 755
[2023-05-04T03:43:20+00:00] INFO: directory[/opt/gitlab/sv/prometheus/log/main] created directory /opt/gitlab/sv/prometheus/log/main
[2023-05-04T03:43:20+00:00] INFO: directory[/opt/gitlab/sv/prometheus/log/main] owner changed to 0
[2023-05-04T03:43:20+00:00] INFO: directory[/opt/gitlab/sv/prometheus/log/main] group changed to 0
[2023-05-04T03:43:20+00:00] INFO: directory[/opt/gitlab/sv/prometheus/log/main] mode changed to 755
[2023-05-04T03:43:20+00:00] INFO: template[/opt/gitlab/sv/prometheus/log/config] created file /opt/gitlab/sv/prometheus/log/config
[2023-05-04T03:43:20+00:00] INFO: template[/opt/gitlab/sv/prometheus/log/config] updated file contents /opt/gitlab/sv/prometheus/log/config
[2023-05-04T03:43:20+00:00] INFO: template[/opt/gitlab/sv/prometheus/log/config] owner changed to 0
[2023-05-04T03:43:20+00:00] INFO: template[/opt/gitlab/sv/prometheus/log/config] group changed to 0
[2023-05-04T03:43:20+00:00] INFO: template[/opt/gitlab/sv/prometheus/log/config] mode changed to 644
[2023-05-04T03:43:20+00:00] INFO: template[/opt/gitlab/sv/prometheus/log/config] sending create action to ruby_block[verify_chown_persisted_on_prometheus] (immediate)
[2023-05-04T03:43:20+00:00] INFO: ruby_block[verify_chown_persisted_on_prometheus] called
[2023-05-04T03:43:20+00:00] INFO: link[/var/log/gitlab/prometheus/config] created
[2023-05-04T03:43:20+00:00] INFO: template[/opt/gitlab/sv/prometheus/log/run] created file /opt/gitlab/sv/prometheus/log/run
[2023-05-04T03:43:20+00:00] INFO: template[/opt/gitlab/sv/prometheus/log/run] updated file contents /opt/gitlab/sv/prometheus/log/run
[2023-05-04T03:43:20+00:00] INFO: template[/opt/gitlab/sv/prometheus/log/run] owner changed to 0
[2023-05-04T03:43:20+00:00] INFO: template[/opt/gitlab/sv/prometheus/log/run] group changed to 0
[2023-05-04T03:43:20+00:00] INFO: template[/opt/gitlab/sv/prometheus/log/run] mode changed to 755
[2023-05-04T03:43:20+00:00] INFO: directory[/opt/gitlab/sv/prometheus/env] created directory /opt/gitlab/sv/prometheus/env
[2023-05-04T03:43:20+00:00] INFO: directory[/opt/gitlab/sv/prometheus/env] owner changed to 0
[2023-05-04T03:43:20+00:00] INFO: directory[/opt/gitlab/sv/prometheus/env] group changed to 0
[2023-05-04T03:43:20+00:00] INFO: directory[/opt/gitlab/sv/prometheus/env] mode changed to 755
[2023-05-04T03:43:20+00:00] INFO: directory[/opt/gitlab/sv/prometheus/control] created directory /opt/gitlab/sv/prometheus/control
[2023-05-04T03:43:20+00:00] INFO: directory[/opt/gitlab/sv/prometheus/control] owner changed to 0
[2023-05-04T03:43:20+00:00] INFO: directory[/opt/gitlab/sv/prometheus/control] group changed to 0
[2023-05-04T03:43:20+00:00] INFO: directory[/opt/gitlab/sv/prometheus/control] mode changed to 755
[2023-05-04T03:43:20+00:00] INFO: link[/opt/gitlab/init/prometheus] created
[2023-05-04T03:43:20+00:00] INFO: template[/opt/gitlab/sv/prometheus/run] sending run action to ruby_block[restart_service] (delayed)
[2023-05-04T03:43:20+00:00] INFO: template[/opt/gitlab/sv/prometheus/log/config] sending create action to ruby_block[reload_log_service] (delayed)
[2023-05-04T03:43:20+00:00] INFO: link[/opt/gitlab/service/prometheus] created
[2023-05-04T03:43:24+00:00] INFO: ruby_block[wait for prometheus service socket] called
[2023-05-04T03:43:24+00:00] INFO: ruby_block[reload_log_service] called
[2023-05-04T03:43:24+00:00] INFO: template[/opt/gitlab/sv/prometheus/log/run] sending run action to ruby_block[restart_log_service] (delayed)
[2023-05-04T03:43:26+00:00] INFO: ruby_block[restart_log_service] called
[2023-05-04T03:43:26+00:00] INFO: template[/var/opt/gitlab/prometheus/rules/gitlab.rules] created file /var/opt/gitlab/prometheus/rules/gitlab.rules
[2023-05-04T03:43:26+00:00] INFO: template[/var/opt/gitlab/prometheus/rules/gitlab.rules] updated file contents /var/opt/gitlab/prometheus/rules/gitlab.rules
[2023-05-04T03:43:26+00:00] INFO: template[/var/opt/gitlab/prometheus/rules/gitlab.rules] owner changed to 992
[2023-05-04T03:43:26+00:00] INFO: template[/var/opt/gitlab/prometheus/rules/gitlab.rules] mode changed to 644
[2023-05-04T03:43:26+00:00] INFO: template[/var/opt/gitlab/prometheus/rules/gitlab.rules] not queuing delayed action run on execute[reload prometheus] (delayed), as it's already been queued
[2023-05-04T03:43:26+00:00] INFO: template[/var/opt/gitlab/prometheus/rules/node.rules] created file /var/opt/gitlab/prometheus/rules/node.rules
[2023-05-04T03:43:26+00:00] INFO: template[/var/opt/gitlab/prometheus/rules/node.rules] updated file contents /var/opt/gitlab/prometheus/rules/node.rules
[2023-05-04T03:43:26+00:00] INFO: template[/var/opt/gitlab/prometheus/rules/node.rules] owner changed to 992
[2023-05-04T03:43:26+00:00] INFO: template[/var/opt/gitlab/prometheus/rules/node.rules] mode changed to 644
[2023-05-04T03:43:26+00:00] INFO: template[/var/opt/gitlab/prometheus/rules/node.rules] not queuing delayed action run on execute[reload prometheus] (delayed), as it's already been queued
[2023-05-04T03:43:26+00:00] INFO: directory[/var/opt/gitlab/alertmanager] created directory /var/opt/gitlab/alertmanager
[2023-05-04T03:43:26+00:00] INFO: directory[/var/opt/gitlab/alertmanager] owner changed to 992
[2023-05-04T03:43:26+00:00] INFO: directory[/var/opt/gitlab/alertmanager] mode changed to 750
[2023-05-04T03:43:26+00:00] INFO: directory[/var/log/gitlab/alertmanager] created directory /var/log/gitlab/alertmanager
[2023-05-04T03:43:26+00:00] INFO: directory[/var/log/gitlab/alertmanager] owner changed to 992
[2023-05-04T03:43:26+00:00] INFO: directory[/var/log/gitlab/alertmanager] mode changed to 700
[2023-05-04T03:43:26+00:00] INFO: directory[/opt/gitlab/etc/alertmanager/env] created directory /opt/gitlab/etc/alertmanager/env
[2023-05-04T03:43:26+00:00] INFO: directory[/opt/gitlab/etc/alertmanager/env] owner changed to 992
[2023-05-04T03:43:26+00:00] INFO: directory[/opt/gitlab/etc/alertmanager/env] mode changed to 700
[2023-05-04T03:43:26+00:00] INFO: file[/opt/gitlab/etc/alertmanager/env/SSL_CERT_DIR] created file /opt/gitlab/etc/alertmanager/env/SSL_CERT_DIR
[2023-05-04T03:43:26+00:00] INFO: file[/opt/gitlab/etc/alertmanager/env/SSL_CERT_DIR] updated file contents /opt/gitlab/etc/alertmanager/env/SSL_CERT_DIR
[2023-05-04T03:43:26+00:00] INFO: file[Alertmanager config] created file /var/opt/gitlab/alertmanager/alertmanager.yml
[2023-05-04T03:43:26+00:00] INFO: file[Alertmanager config] updated file contents /var/opt/gitlab/alertmanager/alertmanager.yml
[2023-05-04T03:43:26+00:00] INFO: file[Alertmanager config] owner changed to 992
[2023-05-04T03:43:26+00:00] INFO: file[Alertmanager config] mode changed to 644
[2023-05-04T03:43:26+00:00] INFO: file[Alertmanager config] not queuing delayed action restart on runit_service[alertmanager] (delayed), as it's already been queued
[2023-05-04T03:43:26+00:00] INFO: directory[/opt/gitlab/sv/alertmanager] created directory /opt/gitlab/sv/alertmanager
[2023-05-04T03:43:26+00:00] INFO: directory[/opt/gitlab/sv/alertmanager] owner changed to 0
[2023-05-04T03:43:26+00:00] INFO: directory[/opt/gitlab/sv/alertmanager] group changed to 0
[2023-05-04T03:43:26+00:00] INFO: directory[/opt/gitlab/sv/alertmanager] mode changed to 755
[2023-05-04T03:43:26+00:00] INFO: template[/opt/gitlab/sv/alertmanager/run] created file /opt/gitlab/sv/alertmanager/run
[2023-05-04T03:43:26+00:00] INFO: template[/opt/gitlab/sv/alertmanager/run] updated file contents /opt/gitlab/sv/alertmanager/run
[2023-05-04T03:43:26+00:00] INFO: template[/opt/gitlab/sv/alertmanager/run] owner changed to 0
[2023-05-04T03:43:26+00:00] INFO: template[/opt/gitlab/sv/alertmanager/run] group changed to 0
[2023-05-04T03:43:26+00:00] INFO: template[/opt/gitlab/sv/alertmanager/run] mode changed to 755
[2023-05-04T03:43:26+00:00] INFO: directory[/opt/gitlab/sv/alertmanager/log] created directory /opt/gitlab/sv/alertmanager/log
[2023-05-04T03:43:26+00:00] INFO: directory[/opt/gitlab/sv/alertmanager/log] owner changed to 0
[2023-05-04T03:43:26+00:00] INFO: directory[/opt/gitlab/sv/alertmanager/log] group changed to 0
[2023-05-04T03:43:26+00:00] INFO: directory[/opt/gitlab/sv/alertmanager/log] mode changed to 755
[2023-05-04T03:43:26+00:00] INFO: directory[/opt/gitlab/sv/alertmanager/log/main] created directory /opt/gitlab/sv/alertmanager/log/main
[2023-05-04T03:43:26+00:00] INFO: directory[/opt/gitlab/sv/alertmanager/log/main] owner changed to 0
[2023-05-04T03:43:26+00:00] INFO: directory[/opt/gitlab/sv/alertmanager/log/main] group changed to 0
[2023-05-04T03:43:26+00:00] INFO: directory[/opt/gitlab/sv/alertmanager/log/main] mode changed to 755
[2023-05-04T03:43:26+00:00] INFO: template[/opt/gitlab/sv/alertmanager/log/config] created file /opt/gitlab/sv/alertmanager/log/config
[2023-05-04T03:43:26+00:00] INFO: template[/opt/gitlab/sv/alertmanager/log/config] updated file contents /opt/gitlab/sv/alertmanager/log/config
[2023-05-04T03:43:26+00:00] INFO: template[/opt/gitlab/sv/alertmanager/log/config] owner changed to 0
[2023-05-04T03:43:26+00:00] INFO: template[/opt/gitlab/sv/alertmanager/log/config] group changed to 0
[2023-05-04T03:43:26+00:00] INFO: template[/opt/gitlab/sv/alertmanager/log/config] mode changed to 644
[2023-05-04T03:43:26+00:00] INFO: template[/opt/gitlab/sv/alertmanager/log/config] sending create action to ruby_block[verify_chown_persisted_on_alertmanager] (immediate)
[2023-05-04T03:43:26+00:00] INFO: ruby_block[verify_chown_persisted_on_alertmanager] called
[2023-05-04T03:43:26+00:00] INFO: link[/var/log/gitlab/alertmanager/config] created
[2023-05-04T03:43:26+00:00] INFO: template[/opt/gitlab/sv/alertmanager/log/run] created file /opt/gitlab/sv/alertmanager/log/run
[2023-05-04T03:43:26+00:00] INFO: template[/opt/gitlab/sv/alertmanager/log/run] updated file contents /opt/gitlab/sv/alertmanager/log/run
[2023-05-04T03:43:26+00:00] INFO: template[/opt/gitlab/sv/alertmanager/log/run] owner changed to 0
[2023-05-04T03:43:26+00:00] INFO: template[/opt/gitlab/sv/alertmanager/log/run] group changed to 0
[2023-05-04T03:43:26+00:00] INFO: template[/opt/gitlab/sv/alertmanager/log/run] mode changed to 755
[2023-05-04T03:43:26+00:00] INFO: directory[/opt/gitlab/sv/alertmanager/env] created directory /opt/gitlab/sv/alertmanager/env
[2023-05-04T03:43:26+00:00] INFO: directory[/opt/gitlab/sv/alertmanager/env] owner changed to 0
[2023-05-04T03:43:26+00:00] INFO: directory[/opt/gitlab/sv/alertmanager/env] group changed to 0
[2023-05-04T03:43:26+00:00] INFO: directory[/opt/gitlab/sv/alertmanager/env] mode changed to 755
[2023-05-04T03:43:26+00:00] INFO: directory[/opt/gitlab/sv/alertmanager/control] created directory /opt/gitlab/sv/alertmanager/control
[2023-05-04T03:43:26+00:00] INFO: directory[/opt/gitlab/sv/alertmanager/control] owner changed to 0
[2023-05-04T03:43:26+00:00] INFO: directory[/opt/gitlab/sv/alertmanager/control] group changed to 0
[2023-05-04T03:43:26+00:00] INFO: directory[/opt/gitlab/sv/alertmanager/control] mode changed to 755
[2023-05-04T03:43:26+00:00] INFO: link[/opt/gitlab/init/alertmanager] created
[2023-05-04T03:43:26+00:00] INFO: template[/opt/gitlab/sv/alertmanager/run] sending run action to ruby_block[restart_service] (delayed)
[2023-05-04T03:43:26+00:00] INFO: template[/opt/gitlab/sv/alertmanager/log/config] sending create action to ruby_block[reload_log_service] (delayed)
[2023-05-04T03:43:26+00:00] INFO: link[/opt/gitlab/service/alertmanager] created
[2023-05-04T03:43:31+00:00] INFO: ruby_block[wait for alertmanager service socket] called
[2023-05-04T03:43:32+00:00] INFO: ruby_block[reload_log_service] called
[2023-05-04T03:43:32+00:00] INFO: template[/opt/gitlab/sv/alertmanager/log/run] sending run action to ruby_block[restart_log_service] (delayed)
[2023-05-04T03:43:32+00:00] INFO: ruby_block[restart_log_service] called
[2023-05-04T03:43:32+00:00] INFO: directory[/var/log/gitlab/postgres-exporter] created directory /var/log/gitlab/postgres-exporter
[2023-05-04T03:43:32+00:00] INFO: directory[/var/log/gitlab/postgres-exporter] owner changed to 996
[2023-05-04T03:43:32+00:00] INFO: directory[/var/log/gitlab/postgres-exporter] mode changed to 700
[2023-05-04T03:43:32+00:00] INFO: directory[/var/opt/gitlab/postgres-exporter] created directory /var/opt/gitlab/postgres-exporter
[2023-05-04T03:43:32+00:00] INFO: directory[/var/opt/gitlab/postgres-exporter] owner changed to 996
[2023-05-04T03:43:32+00:00] INFO: directory[/var/opt/gitlab/postgres-exporter] mode changed to 700
[2023-05-04T03:43:32+00:00] INFO: directory[/opt/gitlab/etc/postgres-exporter/env] created directory /opt/gitlab/etc/postgres-exporter/env
[2023-05-04T03:43:32+00:00] INFO: file[/opt/gitlab/etc/postgres-exporter/env/SSL_CERT_DIR] created file /opt/gitlab/etc/postgres-exporter/env/SSL_CERT_DIR
[2023-05-04T03:43:32+00:00] INFO: file[/opt/gitlab/etc/postgres-exporter/env/SSL_CERT_DIR] updated file contents /opt/gitlab/etc/postgres-exporter/env/SSL_CERT_DIR
[2023-05-04T03:43:32+00:00] INFO: file[/opt/gitlab/etc/postgres-exporter/env/DATA_SOURCE_NAME] created file /opt/gitlab/etc/postgres-exporter/env/DATA_SOURCE_NAME
[2023-05-04T03:43:32+00:00] INFO: file[/opt/gitlab/etc/postgres-exporter/env/DATA_SOURCE_NAME] updated file contents /opt/gitlab/etc/postgres-exporter/env/DATA_SOURCE_NAME
[2023-05-04T03:43:32+00:00] INFO: directory[/opt/gitlab/sv/postgres-exporter] created directory /opt/gitlab/sv/postgres-exporter
[2023-05-04T03:43:32+00:00] INFO: directory[/opt/gitlab/sv/postgres-exporter] owner changed to 0
[2023-05-04T03:43:32+00:00] INFO: directory[/opt/gitlab/sv/postgres-exporter] group changed to 0
[2023-05-04T03:43:32+00:00] INFO: directory[/opt/gitlab/sv/postgres-exporter] mode changed to 755
[2023-05-04T03:43:32+00:00] INFO: template[/opt/gitlab/sv/postgres-exporter/run] created file /opt/gitlab/sv/postgres-exporter/run
[2023-05-04T03:43:32+00:00] INFO: template[/opt/gitlab/sv/postgres-exporter/run] updated file contents /opt/gitlab/sv/postgres-exporter/run
[2023-05-04T03:43:32+00:00] INFO: template[/opt/gitlab/sv/postgres-exporter/run] owner changed to 0
[2023-05-04T03:43:32+00:00] INFO: template[/opt/gitlab/sv/postgres-exporter/run] group changed to 0
[2023-05-04T03:43:32+00:00] INFO: template[/opt/gitlab/sv/postgres-exporter/run] mode changed to 755
[2023-05-04T03:43:32+00:00] INFO: directory[/opt/gitlab/sv/postgres-exporter/log] created directory /opt/gitlab/sv/postgres-exporter/log
[2023-05-04T03:43:32+00:00] INFO: directory[/opt/gitlab/sv/postgres-exporter/log] owner changed to 0
[2023-05-04T03:43:32+00:00] INFO: directory[/opt/gitlab/sv/postgres-exporter/log] group changed to 0
[2023-05-04T03:43:32+00:00] INFO: directory[/opt/gitlab/sv/postgres-exporter/log] mode changed to 755
[2023-05-04T03:43:32+00:00] INFO: directory[/opt/gitlab/sv/postgres-exporter/log/main] created directory /opt/gitlab/sv/postgres-exporter/log/main
[2023-05-04T03:43:32+00:00] INFO: directory[/opt/gitlab/sv/postgres-exporter/log/main] owner changed to 0
[2023-05-04T03:43:32+00:00] INFO: directory[/opt/gitlab/sv/postgres-exporter/log/main] group changed to 0
[2023-05-04T03:43:32+00:00] INFO: directory[/opt/gitlab/sv/postgres-exporter/log/main] mode changed to 755
[2023-05-04T03:43:32+00:00] INFO: template[/opt/gitlab/sv/postgres-exporter/log/config] created file /opt/gitlab/sv/postgres-exporter/log/config
[2023-05-04T03:43:32+00:00] INFO: template[/opt/gitlab/sv/postgres-exporter/log/config] updated file contents /opt/gitlab/sv/postgres-exporter/log/config
[2023-05-04T03:43:32+00:00] INFO: template[/opt/gitlab/sv/postgres-exporter/log/config] owner changed to 0
[2023-05-04T03:43:32+00:00] INFO: template[/opt/gitlab/sv/postgres-exporter/log/config] group changed to 0
[2023-05-04T03:43:32+00:00] INFO: template[/opt/gitlab/sv/postgres-exporter/log/config] mode changed to 644
[2023-05-04T03:43:32+00:00] INFO: template[/opt/gitlab/sv/postgres-exporter/log/config] sending create action to ruby_block[verify_chown_persisted_on_postgres-exporter] (immediate)
[2023-05-04T03:43:32+00:00] INFO: ruby_block[verify_chown_persisted_on_postgres-exporter] called
[2023-05-04T03:43:32+00:00] INFO: link[/var/log/gitlab/postgres-exporter/config] created
[2023-05-04T03:43:32+00:00] INFO: template[/opt/gitlab/sv/postgres-exporter/log/run] created file /opt/gitlab/sv/postgres-exporter/log/run
[2023-05-04T03:43:32+00:00] INFO: template[/opt/gitlab/sv/postgres-exporter/log/run] updated file contents /opt/gitlab/sv/postgres-exporter/log/run
[2023-05-04T03:43:32+00:00] INFO: template[/opt/gitlab/sv/postgres-exporter/log/run] owner changed to 0
[2023-05-04T03:43:32+00:00] INFO: template[/opt/gitlab/sv/postgres-exporter/log/run] group changed to 0
[2023-05-04T03:43:32+00:00] INFO: template[/opt/gitlab/sv/postgres-exporter/log/run] mode changed to 755
[2023-05-04T03:43:32+00:00] INFO: directory[/opt/gitlab/sv/postgres-exporter/env] created directory /opt/gitlab/sv/postgres-exporter/env
[2023-05-04T03:43:32+00:00] INFO: directory[/opt/gitlab/sv/postgres-exporter/env] owner changed to 0
[2023-05-04T03:43:32+00:00] INFO: directory[/opt/gitlab/sv/postgres-exporter/env] group changed to 0
[2023-05-04T03:43:32+00:00] INFO: directory[/opt/gitlab/sv/postgres-exporter/env] mode changed to 755
[2023-05-04T03:43:32+00:00] INFO: directory[/opt/gitlab/sv/postgres-exporter/control] created directory /opt/gitlab/sv/postgres-exporter/control
[2023-05-04T03:43:32+00:00] INFO: directory[/opt/gitlab/sv/postgres-exporter/control] owner changed to 0
[2023-05-04T03:43:32+00:00] INFO: directory[/opt/gitlab/sv/postgres-exporter/control] group changed to 0
[2023-05-04T03:43:32+00:00] INFO: directory[/opt/gitlab/sv/postgres-exporter/control] mode changed to 755
[2023-05-04T03:43:32+00:00] INFO: link[/opt/gitlab/init/postgres-exporter] created
[2023-05-04T03:43:32+00:00] INFO: template[/opt/gitlab/sv/postgres-exporter/run] sending run action to ruby_block[restart_service] (delayed)
[2023-05-04T03:43:32+00:00] INFO: template[/opt/gitlab/sv/postgres-exporter/log/config] sending create action to ruby_block[reload_log_service] (delayed)
[2023-05-04T03:43:33+00:00] INFO: link[/opt/gitlab/service/postgres-exporter] created
[2023-05-04T03:43:37+00:00] INFO: ruby_block[wait for postgres-exporter service socket] called
[2023-05-04T03:43:38+00:00] INFO: ruby_block[reload_log_service] called
[2023-05-04T03:43:38+00:00] INFO: template[/opt/gitlab/sv/postgres-exporter/log/run] sending run action to ruby_block[restart_log_service] (delayed)
[2023-05-04T03:43:38+00:00] INFO: ruby_block[restart_log_service] called
[2023-05-04T03:43:38+00:00] INFO: template[/var/opt/gitlab/postgres-exporter/queries.yaml] created file /var/opt/gitlab/postgres-exporter/queries.yaml
[2023-05-04T03:43:38+00:00] INFO: template[/var/opt/gitlab/postgres-exporter/queries.yaml] updated file contents /var/opt/gitlab/postgres-exporter/queries.yaml
[2023-05-04T03:43:38+00:00] INFO: template[/var/opt/gitlab/postgres-exporter/queries.yaml] owner changed to 996
[2023-05-04T03:43:38+00:00] INFO: template[/var/opt/gitlab/postgres-exporter/queries.yaml] mode changed to 644
[2023-05-04T03:43:38+00:00] INFO: template[/var/opt/gitlab/postgres-exporter/queries.yaml] not queuing delayed action restart on runit_service[postgres-exporter] (delayed), as it's already been queued
[2023-05-04T03:43:38+00:00] WARN: only_if block for templatesymlink[Create a gitlab_suggested_reviewers_secret and create a symlink to Rails root] returned a string, did you mean to run a command?
[2023-05-04T03:43:38+00:00] INFO: template[/var/opt/gitlab/gitlab-rails/etc/gitlab_suggested_reviewers_secret] created file /var/opt/gitlab/gitlab-rails/etc/gitlab_suggested_reviewers_secret
[2023-05-04T03:43:38+00:00] INFO: template[/var/opt/gitlab/gitlab-rails/etc/gitlab_suggested_reviewers_secret] updated file contents /var/opt/gitlab/gitlab-rails/etc/gitlab_suggested_reviewers_secret
[2023-05-04T03:43:38+00:00] INFO: template[/var/opt/gitlab/gitlab-rails/etc/gitlab_suggested_reviewers_secret] owner changed to 0
[2023-05-04T03:43:38+00:00] INFO: template[/var/opt/gitlab/gitlab-rails/etc/gitlab_suggested_reviewers_secret] group changed to 0
[2023-05-04T03:43:38+00:00] INFO: template[/var/opt/gitlab/gitlab-rails/etc/gitlab_suggested_reviewers_secret] mode changed to 644
[2023-05-04T03:43:38+00:00] INFO: link[Link /opt/gitlab/embedded/service/gitlab-rails/.gitlab_suggested_reviewers_secret to /var/opt/gitlab/gitlab-rails/etc/gitlab_suggested_reviewers_secret] created
[2023-05-04T03:43:38+00:00] INFO: templatesymlink[Create a gitlab.yml and create a symlink to Rails root] sending run action to execute[clear the gitlab-rails cache] (delayed)
[2023-05-04T03:43:57+00:00] INFO: execute[clear the gitlab-rails cache] ran successfully
[2023-05-04T03:43:57+00:00] INFO: env_dir[/opt/gitlab/etc/gitlab-exporter/env] sending restart action to runit_service[gitlab-exporter] (delayed)
[2023-05-04T03:43:57+00:00] INFO: env_dir[/opt/gitlab/etc/redis-exporter/env] sending restart action to runit_service[redis-exporter] (delayed)
[2023-05-04T03:43:58+00:00] INFO: env_dir[/opt/gitlab/etc/prometheus/env] sending restart action to runit_service[prometheus] (delayed)
[2023-05-04T03:43:58+00:00] INFO: file[Prometheus config] sending run action to execute[reload prometheus] (delayed)
[2023-05-04T03:43:59+00:00] INFO: execute[reload prometheus] ran successfully
[2023-05-04T03:43:59+00:00] INFO: env_dir[/opt/gitlab/etc/alertmanager/env] sending restart action to runit_service[alertmanager] (delayed)
[2023-05-04T03:43:59+00:00] INFO: env_dir[/opt/gitlab/etc/postgres-exporter/env] sending restart action to runit_service[postgres-exporter] (delayed)
[2023-05-04T03:44:00+00:00] INFO: Cinc Client Run complete in 56.181840545 seconds
[2023-05-04T03:44:00+00:00] INFO: Running report handlers
[2023-05-04T03:44:00+00:00] INFO: Report handlers complete
[2023-05-04T03:44:00+00:00] WARN: This release of Cinc Client became end of life (EOL) on May 1st 2023. Please update to a supported release to receive new features, bug fixes, and security updates.
