# Logfile created on 2023-05-04 03:41:15 +0000 by logger.rb/v1.4.3
[2023-05-04T03:41:15+00:00] INFO: Started Cinc Zero at chefzero://localhost:1 with repository at /opt/gitlab/embedded (One version per cookbook)
[2023-05-04T03:41:15+00:00] INFO: *** Cinc Client 17.10.0 ***
[2023-05-04T03:41:15+00:00] INFO: Platform: x86_64-linux
[2023-05-04T03:41:15+00:00] INFO: Cinc-client pid: 31
[2023-05-04T03:41:15+00:00] INFO: Setting the run_list to ["recipe[gitlab-ee]"] from CLI options
[2023-05-04T03:41:15+00:00] INFO: Run List is [recipe[gitlab-ee]]
[2023-05-04T03:41:15+00:00] INFO: Run List expands to [gitlab-ee]
[2023-05-04T03:41:15+00:00] INFO: Starting Cinc Client Run for gitlab.example.com
[2023-05-04T03:41:15+00:00] INFO: Running start handlers
[2023-05-04T03:41:15+00:00] INFO: Start handlers complete.
[2023-05-04T03:41:16+00:00] INFO: Loading cookbooks [gitlab-ee@0.0.1, package@0.1.0, gitlab@0.0.1, consul@0.1.0, patroni@0.1.0, pgbouncer@0.1.0, spamcheck@0.1.0, runit@5.1.7, logrotate@0.1.0, postgresql@0.1.0, redis@0.1.0, monitoring@0.1.0, registry@0.1.0, mattermost@0.1.0, gitaly@0.1.0, praefect@0.1.0, gitlab-kas@0.1.0, gitlab-pages@0.1.0, letsencrypt@0.1.0, nginx@0.1.0, acme@4.1.6, crond@0.1.0]
[2023-05-04T03:41:19+00:00] INFO: Skipped selecting an init system because it was explicitly disabled
[2023-05-04T03:41:19+00:00] WARN: logrotate does not have a log_group or default logdir mode defined. Setting to 0700.
[2023-05-04T03:41:19+00:00] WARN: logrotate does not have a log_group or default logdir mode defined. Setting to 0700.
[2023-05-04T03:41:19+00:00] WARN: puma does not have a log_group or default logdir mode defined. Setting to 0700.
[2023-05-04T03:41:19+00:00] WARN: gitlab-rails does not have a log_group or default logdir mode defined. Setting to 0700.
[2023-05-04T03:41:19+00:00] WARN: gitlab-shell does not have a log_group or default logdir mode defined. Setting to 0700.
[2023-05-04T03:41:19+00:00] WARN: gitlab-workhorse does not have a log_group or default logdir mode defined. Setting to 0700.
[2023-05-04T03:41:19+00:00] WARN: gitlab-pages does not have a log_group or default logdir mode defined. Setting to 0700.
[2023-05-04T03:41:19+00:00] WARN: gitlab-kas does not have a log_group or default logdir mode defined. Setting to 0700.
[2023-05-04T03:41:19+00:00] WARN: gitaly does not have a log_group or default logdir mode defined. Setting to 0700.
[2023-05-04T03:41:19+00:00] WARN: mailroom does not have a log_group or default logdir mode defined. Setting to 0700.
[2023-05-04T03:41:19+00:00] WARN: gitaly does not have a log_group or default logdir mode defined. Setting to 0700.
[2023-05-04T03:41:22+00:00] WARN: only_if block for file[/var/opt/gitlab/gitlab-rails/etc/gitlab-registry.key] returned a string, did you mean to run a command?
[2023-05-04T03:41:22+00:00] WARN: only_if block for templatesymlink[Create a gitlab_pages_secret and create a symlink to Rails root] returned a string, did you mean to run a command?
[2023-05-04T03:41:22+00:00] WARN: only_if block for templatesymlink[Create a gitlab_kas_secret and create a symlink to Rails root] returned a string, did you mean to run a command?
[2023-05-04T03:41:23+00:00] INFO: link[/opt/gitlab/service/logrotate] created
[2023-05-04T03:41:24+00:00] INFO: Retrying execution of execute[/opt/gitlab/bin/gitlab-ctl start logrotate], 19 attempts left
[2023-05-04T03:41:27+00:00] INFO: Retrying execution of execute[/opt/gitlab/bin/gitlab-ctl start logrotate], 18 attempts left
[2023-05-04T03:41:29+00:00] INFO: execute[/opt/gitlab/bin/gitlab-ctl start logrotate] ran successfully
[2023-05-04T03:41:30+00:00] INFO: link[/opt/gitlab/service/redis] created
[2023-05-04T03:41:30+00:00] INFO: Retrying execution of execute[/opt/gitlab/bin/gitlab-ctl start redis], 19 attempts left
[2023-05-04T03:41:33+00:00] INFO: Retrying execution of execute[/opt/gitlab/bin/gitlab-ctl start redis], 18 attempts left
[2023-05-04T03:41:35+00:00] INFO: execute[/opt/gitlab/bin/gitlab-ctl start redis] ran successfully
[2023-05-04T03:41:36+00:00] INFO: link[/opt/gitlab/service/gitaly] created
[2023-05-04T03:41:36+00:00] INFO: Retrying execution of execute[/opt/gitlab/bin/gitlab-ctl start gitaly], 19 attempts left
[2023-05-04T03:41:39+00:00] INFO: Retrying execution of execute[/opt/gitlab/bin/gitlab-ctl start gitaly], 18 attempts left
[2023-05-04T03:41:42+00:00] INFO: execute[/opt/gitlab/bin/gitlab-ctl start gitaly] ran successfully
[2023-05-04T03:41:43+00:00] INFO: link[/opt/gitlab/service/postgresql] created
[2023-05-04T03:41:43+00:00] INFO: Retrying execution of execute[/opt/gitlab/bin/gitlab-ctl start postgresql], 19 attempts left
[2023-05-04T03:41:46+00:00] INFO: execute[/opt/gitlab/bin/gitlab-ctl start postgresql] ran successfully
[2023-05-04T03:41:46+00:00] INFO: link[/opt/gitlab/service/gitlab-kas] created
[2023-05-04T03:41:46+00:00] INFO: link[/opt/gitlab/service/crond] created
[2023-05-04T03:41:47+00:00] INFO: link[/opt/gitlab/service/puma] created
[2023-05-04T03:41:47+00:00] INFO: Retrying execution of execute[/opt/gitlab/bin/gitlab-ctl start puma], 19 attempts left
[2023-05-04T03:41:50+00:00] INFO: Retrying execution of execute[/opt/gitlab/bin/gitlab-ctl start puma], 18 attempts left
[2023-05-04T03:41:52+00:00] INFO: execute[/opt/gitlab/bin/gitlab-ctl start puma] ran successfully
[2023-05-04T03:41:52+00:00] INFO: link[/opt/gitlab/service/sidekiq] created
[2023-05-04T03:41:53+00:00] INFO: Retrying execution of execute[/opt/gitlab/bin/gitlab-ctl start sidekiq], 19 attempts left
[2023-05-04T03:41:56+00:00] INFO: execute[/opt/gitlab/bin/gitlab-ctl start sidekiq] ran successfully
[2023-05-04T03:41:56+00:00] INFO: link[/opt/gitlab/service/gitlab-workhorse] created
[2023-05-04T03:41:56+00:00] INFO: link[/opt/gitlab/service/nginx] created
[2023-05-04T03:41:57+00:00] INFO: Retrying execution of execute[/opt/gitlab/bin/gitlab-ctl start nginx], 19 attempts left
[2023-05-04T03:42:30+00:00] INFO: Retrying execution of execute[/opt/gitlab/bin/gitlab-ctl start nginx], 18 attempts left
[2023-05-04T03:42:47+00:00] INFO: execute[/opt/gitlab/bin/gitlab-ctl start nginx] ran successfully
[2023-05-04T03:42:47+00:00] INFO: file[/var/opt/gitlab/bootstrapped] created file /var/opt/gitlab/bootstrapped
[2023-05-04T03:42:47+00:00] INFO: file[/var/opt/gitlab/bootstrapped] updated file contents /var/opt/gitlab/bootstrapped
[2023-05-04T03:42:47+00:00] INFO: file[/var/opt/gitlab/bootstrapped] owner changed to 0
[2023-05-04T03:42:47+00:00] INFO: file[/var/opt/gitlab/bootstrapped] group changed to 0
[2023-05-04T03:42:47+00:00] INFO: file[/var/opt/gitlab/bootstrapped] mode changed to 600
[2023-05-04T03:42:47+00:00] INFO: directory[create /var/opt/gitlab/registry] created directory /var/opt/gitlab/registry
[2023-05-04T03:42:47+00:00] INFO: directory[create /var/opt/gitlab/registry and set the owner] owner changed to 993
[2023-05-04T03:42:47+00:00] INFO: directory[create /var/opt/gitlab/registry and set the owner] mode changed to 700
[2023-05-04T03:42:47+00:00] INFO: directory[create /var/log/gitlab/registry and set the owner] created directory /var/log/gitlab/registry
[2023-05-04T03:42:47+00:00] INFO: directory[create /var/log/gitlab/registry and set the owner] owner changed to 993
[2023-05-04T03:42:47+00:00] INFO: directory[create /var/log/gitlab/registry and set the owner] mode changed to 700
[2023-05-04T03:42:47+00:00] INFO: directory[/opt/gitlab/etc/registry/env] created directory /opt/gitlab/etc/registry/env
[2023-05-04T03:42:47+00:00] INFO: file[/opt/gitlab/etc/registry/env/SSL_CERT_DIR] created file /opt/gitlab/etc/registry/env/SSL_CERT_DIR
[2023-05-04T03:42:47+00:00] INFO: file[/opt/gitlab/etc/registry/env/SSL_CERT_DIR] updated file contents /opt/gitlab/etc/registry/env/SSL_CERT_DIR
[2023-05-04T03:42:47+00:00] INFO: directory[/var/opt/gitlab/gitlab-rails/shared/registry] created directory /var/opt/gitlab/gitlab-rails/shared/registry
[2023-05-04T03:42:47+00:00] INFO: directory[/var/opt/gitlab/gitlab-rails/shared/registry] owner changed to 993
[2023-05-04T03:42:47+00:00] INFO: directory[/var/opt/gitlab/gitlab-rails/shared/registry] group changed to 998
[2023-05-04T03:42:47+00:00] INFO: directory[/var/opt/gitlab/gitlab-rails/shared/registry] mode changed to 770
[2023-05-04T03:42:47+00:00] INFO: file[/var/opt/gitlab/registry/gitlab-registry.crt] created file /var/opt/gitlab/registry/gitlab-registry.crt
[2023-05-04T03:42:47+00:00] INFO: file[/var/opt/gitlab/registry/gitlab-registry.crt] updated file contents /var/opt/gitlab/registry/gitlab-registry.crt
[2023-05-04T03:42:47+00:00] INFO: file[/var/opt/gitlab/registry/gitlab-registry.crt] owner changed to 993
[2023-05-04T03:42:47+00:00] INFO: file[/var/opt/gitlab/registry/gitlab-registry.crt] group changed to 993
[2023-05-04T03:42:47+00:00] INFO: template[/var/opt/gitlab/registry/config.yml] created file /var/opt/gitlab/registry/config.yml
[2023-05-04T03:42:47+00:00] INFO: template[/var/opt/gitlab/registry/config.yml] updated file contents /var/opt/gitlab/registry/config.yml
[2023-05-04T03:42:47+00:00] INFO: template[/var/opt/gitlab/registry/config.yml] owner changed to 993
[2023-05-04T03:42:47+00:00] INFO: template[/var/opt/gitlab/registry/config.yml] mode changed to 644
[2023-05-04T03:42:47+00:00] INFO: template[/var/opt/gitlab/registry/config.yml] not queuing delayed action restart on runit_service[registry] (delayed), as it's already been queued
[2023-05-04T03:42:47+00:00] INFO: directory[/opt/gitlab/sv/registry] created directory /opt/gitlab/sv/registry
[2023-05-04T03:42:47+00:00] INFO: directory[/opt/gitlab/sv/registry] owner changed to 0
[2023-05-04T03:42:47+00:00] INFO: directory[/opt/gitlab/sv/registry] group changed to 0
[2023-05-04T03:42:47+00:00] INFO: directory[/opt/gitlab/sv/registry] mode changed to 755
[2023-05-04T03:42:47+00:00] INFO: template[/opt/gitlab/sv/registry/run] created file /opt/gitlab/sv/registry/run
[2023-05-04T03:42:47+00:00] INFO: template[/opt/gitlab/sv/registry/run] updated file contents /opt/gitlab/sv/registry/run
[2023-05-04T03:42:47+00:00] INFO: template[/opt/gitlab/sv/registry/run] owner changed to 0
[2023-05-04T03:42:47+00:00] INFO: template[/opt/gitlab/sv/registry/run] group changed to 0
[2023-05-04T03:42:47+00:00] INFO: template[/opt/gitlab/sv/registry/run] mode changed to 755
[2023-05-04T03:42:47+00:00] INFO: directory[/opt/gitlab/sv/registry/log] created directory /opt/gitlab/sv/registry/log
[2023-05-04T03:42:47+00:00] INFO: directory[/opt/gitlab/sv/registry/log] owner changed to 0
[2023-05-04T03:42:47+00:00] INFO: directory[/opt/gitlab/sv/registry/log] group changed to 0
[2023-05-04T03:42:47+00:00] INFO: directory[/opt/gitlab/sv/registry/log] mode changed to 755
[2023-05-04T03:42:47+00:00] INFO: directory[/opt/gitlab/sv/registry/log/main] created directory /opt/gitlab/sv/registry/log/main
[2023-05-04T03:42:47+00:00] INFO: directory[/opt/gitlab/sv/registry/log/main] owner changed to 0
[2023-05-04T03:42:47+00:00] INFO: directory[/opt/gitlab/sv/registry/log/main] group changed to 0
[2023-05-04T03:42:47+00:00] INFO: directory[/opt/gitlab/sv/registry/log/main] mode changed to 755
[2023-05-04T03:42:47+00:00] INFO: template[/opt/gitlab/sv/registry/log/config] created file /opt/gitlab/sv/registry/log/config
[2023-05-04T03:42:47+00:00] INFO: template[/opt/gitlab/sv/registry/log/config] updated file contents /opt/gitlab/sv/registry/log/config
[2023-05-04T03:42:47+00:00] INFO: template[/opt/gitlab/sv/registry/log/config] owner changed to 0
[2023-05-04T03:42:47+00:00] INFO: template[/opt/gitlab/sv/registry/log/config] group changed to 0
[2023-05-04T03:42:47+00:00] INFO: template[/opt/gitlab/sv/registry/log/config] mode changed to 644
[2023-05-04T03:42:47+00:00] INFO: template[/opt/gitlab/sv/registry/log/config] sending create action to ruby_block[verify_chown_persisted_on_registry] (immediate)
[2023-05-04T03:42:47+00:00] INFO: ruby_block[verify_chown_persisted_on_registry] called
[2023-05-04T03:42:47+00:00] INFO: link[/var/log/gitlab/registry/config] created
[2023-05-04T03:42:47+00:00] INFO: template[/opt/gitlab/sv/registry/log/run] created file /opt/gitlab/sv/registry/log/run
[2023-05-04T03:42:47+00:00] INFO: template[/opt/gitlab/sv/registry/log/run] updated file contents /opt/gitlab/sv/registry/log/run
[2023-05-04T03:42:47+00:00] INFO: template[/opt/gitlab/sv/registry/log/run] owner changed to 0
[2023-05-04T03:42:47+00:00] INFO: template[/opt/gitlab/sv/registry/log/run] group changed to 0
[2023-05-04T03:42:47+00:00] INFO: template[/opt/gitlab/sv/registry/log/run] mode changed to 755
[2023-05-04T03:42:47+00:00] INFO: directory[/opt/gitlab/sv/registry/env] created directory /opt/gitlab/sv/registry/env
[2023-05-04T03:42:47+00:00] INFO: directory[/opt/gitlab/sv/registry/env] owner changed to 0
[2023-05-04T03:42:47+00:00] INFO: directory[/opt/gitlab/sv/registry/env] group changed to 0
[2023-05-04T03:42:47+00:00] INFO: directory[/opt/gitlab/sv/registry/env] mode changed to 755
[2023-05-04T03:42:47+00:00] INFO: directory[/opt/gitlab/sv/registry/control] created directory /opt/gitlab/sv/registry/control
[2023-05-04T03:42:47+00:00] INFO: directory[/opt/gitlab/sv/registry/control] owner changed to 0
[2023-05-04T03:42:47+00:00] INFO: directory[/opt/gitlab/sv/registry/control] group changed to 0
[2023-05-04T03:42:47+00:00] INFO: directory[/opt/gitlab/sv/registry/control] mode changed to 755
[2023-05-04T03:42:47+00:00] INFO: link[/opt/gitlab/init/registry] created
[2023-05-04T03:42:47+00:00] INFO: template[/opt/gitlab/sv/registry/run] sending run action to ruby_block[restart_service] (delayed)
[2023-05-04T03:42:47+00:00] INFO: template[/opt/gitlab/sv/registry/log/config] sending create action to ruby_block[reload_log_service] (delayed)
[2023-05-04T03:42:47+00:00] INFO: link[/opt/gitlab/service/registry] created
[2023-05-04T03:42:51+00:00] INFO: ruby_block[wait for registry service socket] called
[2023-05-04T03:42:51+00:00] INFO: ruby_block[reload_log_service] called
[2023-05-04T03:42:51+00:00] INFO: template[/opt/gitlab/sv/registry/log/run] sending run action to ruby_block[restart_log_service] (delayed)
[2023-05-04T03:42:52+00:00] INFO: ruby_block[restart_log_service] called
[2023-05-04T03:42:52+00:00] INFO: file[/var/opt/gitlab/registry/VERSION] created file /var/opt/gitlab/registry/VERSION
[2023-05-04T03:42:52+00:00] INFO: file[/var/opt/gitlab/registry/VERSION] updated file contents /var/opt/gitlab/registry/VERSION
[2023-05-04T03:42:52+00:00] INFO: version_file[Create version file for Registry] not queuing delayed action restart on runit_service[registry] (delayed), as it's already been queued
[2023-05-04T03:42:52+00:00] INFO: directory[/etc/gitlab/ssl] created directory /etc/gitlab/ssl
[2023-05-04T03:42:52+00:00] INFO: directory[/etc/gitlab/ssl] owner changed to 0
[2023-05-04T03:42:52+00:00] INFO: directory[/etc/gitlab/ssl] group changed to 0
[2023-05-04T03:42:52+00:00] INFO: directory[/etc/gitlab/ssl] mode changed to 755
[2023-05-04T03:42:52+00:00] INFO: directory[/var/log/gitlab/lets-encrypt] created directory /var/log/gitlab/lets-encrypt
[2023-05-04T03:42:52+00:00] INFO: directory[/var/log/gitlab/lets-encrypt] owner changed to 0
[2023-05-04T03:42:52+00:00] INFO: directory[/var/log/gitlab/lets-encrypt] group changed to 0
[2023-05-04T03:42:52+00:00] INFO: directory[/var/log/gitlab/lets-encrypt] mode changed to 755
[2023-05-04T03:42:52+00:00] INFO: file[gitlab.example.com SSL selfsigned key] created file /etc/gitlab/ssl/gitlab.example.com.key
[2023-05-04T03:42:52+00:00] INFO: file[gitlab.example.com SSL selfsigned key] updated file contents /etc/gitlab/ssl/gitlab.example.com.key
[2023-05-04T03:42:52+00:00] INFO: file[gitlab.example.com SSL selfsigned key] owner changed to 0
[2023-05-04T03:42:52+00:00] INFO: file[gitlab.example.com SSL selfsigned key] group changed to 0
[2023-05-04T03:42:52+00:00] INFO: file[gitlab.example.com SSL selfsigned key] mode changed to 400
[2023-05-04T03:42:52+00:00] INFO: file[gitlab.example.com SSL selfsigned crt] created file /etc/gitlab/ssl/gitlab.example.com.crt
[2023-05-04T03:42:52+00:00] INFO: file[gitlab.example.com SSL selfsigned crt] updated file contents /etc/gitlab/ssl/gitlab.example.com.crt
[2023-05-04T03:42:52+00:00] INFO: file[gitlab.example.com SSL selfsigned crt] owner changed to 0
[2023-05-04T03:42:52+00:00] INFO: file[gitlab.example.com SSL selfsigned crt] group changed to 0
[2023-05-04T03:42:52+00:00] INFO: file[gitlab.example.com SSL selfsigned crt] mode changed to 644
[2023-05-04T03:42:52+00:00] INFO: acme_selfsigned[gitlab.example.com] sending restart action to runit_service[nginx] (immediate)
[2023-05-04T03:42:53+00:00] INFO: file[gitlab.example.com SSL key] created file /etc/gitlab/ssl/gitlab.example.com.key-staging
[2023-05-04T03:42:53+00:00] INFO: file[gitlab.example.com SSL key] updated file contents /etc/gitlab/ssl/gitlab.example.com.key-staging
[2023-05-04T03:42:53+00:00] INFO: file[gitlab.example.com SSL key] owner changed to 0
[2023-05-04T03:42:53+00:00] INFO: file[gitlab.example.com SSL key] group changed to 0
[2023-05-04T03:42:53+00:00] INFO: file[gitlab.example.com SSL key] mode changed to 400
[2023-05-04T03:42:56+00:00] INFO: file[/etc/gitlab/ssl/letsencrypt_account_private_key.pem] created file /etc/gitlab/ssl/letsencrypt_account_private_key.pem
[2023-05-04T03:42:56+00:00] INFO: file[/etc/gitlab/ssl/letsencrypt_account_private_key.pem] updated file contents /etc/gitlab/ssl/letsencrypt_account_private_key.pem
[2023-05-04T03:42:56+00:00] INFO: file[/etc/gitlab/ssl/letsencrypt_account_private_key.pem] mode changed to 600
[2023-05-04T03:42:56+00:00] INFO: Running queued delayed notifications before re-raising exception
[2023-05-04T03:42:56+00:00] INFO: env_dir[/opt/gitlab/etc/registry/env] sending restart action to runit_service[registry] (delayed)
[2023-05-04T03:42:57+00:00] ERROR: Running exception handlers
[2023-05-04T03:42:57+00:00] ERROR: Exception handlers complete
[2023-05-04T03:42:57+00:00] FATAL: Stacktrace dumped to /opt/gitlab/embedded/cookbooks/cache/cinc-stacktrace.out
[2023-05-04T03:42:57+00:00] FATAL: ---------------------------------------------------------------------------------------
[2023-05-04T03:42:57+00:00] FATAL: PLEASE PROVIDE THE CONTENTS OF THE stacktrace.out FILE (above) IF YOU FILE A BUG REPORT
[2023-05-04T03:42:57+00:00] FATAL: ---------------------------------------------------------------------------------------
[2023-05-04T03:42:57+00:00] FATAL: Acme::Client::Error::RejectedIdentifier: letsencrypt_certificate[gitlab.example.com] (letsencrypt::http_authorization line 6) had an error: Acme::Client::Error::RejectedIdentifier: acme_certificate[staging] (letsencrypt::http_authorization line 43) had an error: Acme::Client::Error::RejectedIdentifier: Error creating new order :: Cannot issue for "gitlab.example.com": The ACME server refuses to issue a certificate for this domain name, because it is forbidden by policy
